  Performing Custom Build Tools
  A subdirectory or file resources already exists.
  MC: Compiling EventLog.mc
  Microsoft (R) Windows (R) Resource Compiler Version 10.0.10011.16384
  
  Copyright (C) Microsoft Corporation.  All rights reserved.
  
  
  Microsoft (R) Incremental Linker Version 14.29.30136.0
  Copyright (C) Microsoft Corporation.  All rights reserved.
  
LINK : warning LNK4068: /MACHINE の指定がありません。X86 を既定とします。
  win32fixes.c
  Win32_ANSI.c
  Win32_APIs.c
  Win32_Error.c
  Win32_PThread.c
  Win32_QFork_impl.c
  Win32_RedisLog.c
  Win32_Signal_Process.c
  Win32_ThreadControl.c
  Win32_Time.c
  win32_wsiocp.c
  Win32_CommandLine.cpp
C:\Program Files (x86)\Microsoft Visual Studio\2019\Professional\VC\Tools\MSVC\14.29.30133\include\string(94,35): warning C4244: '初期化中': '__int64' から 'long' への変換です。データが失われる可能性があります。
C:\Program Files (x86)\Microsoft Visual Studio\2019\Professional\VC\Tools\MSVC\14.29.30133\include\string(94,21): warning C4244: '初期化中': '__int64' から 'const long' への変換です。データが失われる可能性があります。
C:\Program Files (x86)\Microsoft Visual Studio\2019\Professional\VC\Tools\MSVC\14.29.30133\include\string(117,35): warning C4244: '初期化中': '__int64' から 'long' への変換です。データが失われる可能性があります。
C:\Program Files (x86)\Microsoft Visual Studio\2019\Professional\VC\Tools\MSVC\14.29.30133\include\string(117,21): warning C4244: '初期化中': '__int64' から 'const long' への変換です。データが失われる可能性があります。
C:\Program Files (x86)\Microsoft Visual Studio\2019\Professional\VC\Tools\MSVC\14.29.30133\include\string(140,45): warning C4244: '初期化中': 'unsigned __int64' から 'unsigned long' への変換です。データが失われる可能性があります。
C:\Program Files (x86)\Microsoft Visual Studio\2019\Professional\VC\Tools\MSVC\14.29.30133\include\string(140,30): warning C4244: '初期化中': 'unsigned __int64' から 'const unsigned long' への変換です。データが失われる可能性があります。
  Win32_Common.cpp
  Win32_EventLog.cpp
  Win32_FDAPI.cpp
  Win32_fdapi_crt.cpp
  Win32_QFork.cpp
  win32_rfdmap.cpp
  Win32_service.cpp
  Win32_StackTrace.cpp
  Win32_variadicFunctor.cpp
  Win32_Interop.vcxproj -> D:\DL\redis-develop\msvs\x64\Release\Win32_Interop.lib
